'2017-07-27 16:04:20,894','com.itc.log4j.Calculator','INFO','Test','main','-Main() method Started-','com.itc.log4j.Calculator.main(Calculator.java:29)','
''2017-07-27 16:04:20,923','com.itc.log4j.Calculator','INFO','Test','main','Creating Scanner Object','com.itc.log4j.Calculator.main(Calculator.java:30)','
''2017-07-27 16:04:32,000','com.itc.log4j.Calculator','INFO','Test','main','Creating Addition Object','com.itc.log4j.Calculator.main(Calculator.java:36)','
''2017-07-27 16:04:32,002','com.itc.log4j.Calculator','INFO','Test','main','Addition Object Created','com.itc.log4j.Calculator.main(Calculator.java:38)','
''2017-07-27 16:04:32,002','com.itc.log4j.Calculator','INFO','Test','main',' invoking Add method from Addition','com.itc.log4j.Calculator.main(Calculator.java:39)','
''2017-07-27 16:04:32,003','com.itc.log4j.Addition','INFO','com.itc.log4j.Addition','add','-add() method invoked-','com.itc.log4j.Addition.add(Addition.java:8)','
''2017-07-27 16:04:32,003','com.itc.log4j.Addition','DEBUG','com.itc.log4j.Addition','add','Value :20	40','com.itc.log4j.Addition.add(Addition.java:9)','
''2017-07-27 16:04:32,003','com.itc.log4j.Addition','INFO','com.itc.log4j.Addition','add','enter into if block','com.itc.log4j.Addition.add(Addition.java:11)','
''2017-07-27 16:04:32,004','com.itc.log4j.Addition','INFO','com.itc.log4j.Addition','add','Calculating Addition','com.itc.log4j.Addition.add(Addition.java:12)','
''2017-07-27 16:04:32,005','com.itc.log4j.Addition','DEBUG','com.itc.log4j.Addition','add','Returning Calculated Addition-60','com.itc.log4j.Addition.add(Addition.java:13)','
''2017-07-27 16:04:32,005','com.itc.log4j.Calculator','INFO','Test','main','Addition in main:60','com.itc.log4j.Calculator.main(Calculator.java:41)','
''2017-07-27 16:04:32,006','com.itc.log4j.Calculator','INFO','Test','main','-Main()method Completed-','com.itc.log4j.Calculator.main(Calculator.java:43)','
''2017-07-27 16:05:19,694','com.itc.log4j.Calculator','INFO','Test','main','-Main() method Started-','com.itc.log4j.Calculator.main(Calculator.java:29)','
''2017-07-27 16:05:19,723','com.itc.log4j.Calculator','INFO','Test','main','Creating Scanner Object','com.itc.log4j.Calculator.main(Calculator.java:30)','
''2017-07-27 16:05:33,938','com.itc.log4j.Calculator','INFO','Test','main','Creating Addition Object','com.itc.log4j.Calculator.main(Calculator.java:36)','
''2017-07-27 16:05:33,940','com.itc.log4j.Calculator','INFO','Test','main','Addition Object Created','com.itc.log4j.Calculator.main(Calculator.java:38)','
''2017-07-27 16:05:33,940','com.itc.log4j.Calculator','INFO','Test','main',' invoking Add method from Addition','com.itc.log4j.Calculator.main(Calculator.java:39)','
''2017-07-27 16:05:33,940','com.itc.log4j.Addition','INFO','com.itc.log4j.Addition','add','-add() method invoked-','com.itc.log4j.Addition.add(Addition.java:8)','
''2017-07-27 16:05:33,941','com.itc.log4j.Addition','ERROR','com.itc.log4j.Addition','add','No. must be Greater then 0','com.itc.log4j.Addition.add(Addition.java:16)','
'