2017-07-13 03:32:06,046 [Worker-167] INFO  o.e.m.c.i.p.ProjectConfigurationManager - Collecting project info '/pom.xml' E:\Revision\Restfull_Services\2.FirstJerseyApplication\pom.xml
2017-07-13 03:32:18,832 [Worker-167] INFO  o.e.m.c.i.l.LifecycleMappingFactory - Using org.maven.ide.eclipse.wtp.WarLifecycleMapping lifecycle mapping for MavenProject: com.jersey.in:2.FirstJerseyApplication:0.0.1-SNAPSHOT @ E:\Revision\Restfull_Services\2.FirstJerseyApplication\pom.xml.
2017-07-13 03:32:24,515 [Worker-167] INFO  o.e.m.j.i.AbstractJavaProjectConfigurator - Adding source folder /2.FirstJerseyApplication/src/main/java
2017-07-13 03:32:24,517 [Worker-167] INFO  o.e.m.j.i.AbstractJavaProjectConfigurator - Adding resource folder /2.FirstJerseyApplication/src/main/resources
2017-07-13 03:32:24,518 [Worker-167] INFO  o.e.m.j.i.AbstractJavaProjectConfigurator - Adding source folder /2.FirstJerseyApplication/src/test/java
2017-07-13 03:32:31,050 [Worker-167] INFO  o.e.m.c.i.p.ProjectConfigurationManager - Imported and configured 1 project(s) in 24 sec
2017-07-13 03:32:31,899 [Worker-172] WARN  o.e.m.c.i.embedder.EclipseLogger - Using platform encoding (Cp1252 actually) to copy filtered resources, i.e. build is platform dependent!
2017-07-13 03:32:32,022 [Worker-172] INFO  o.e.m.c.i.embedder.EclipseLogger - Copying 0 resource
2017-07-13 03:32:32,029 [Worker-172] WARN  o.e.m.c.i.embedder.EclipseLogger - Using platform encoding (Cp1252 actually) to copy filtered resources, i.e. build is platform dependent!
2017-07-13 03:32:32,070 [Worker-172] INFO  o.e.m.c.i.embedder.EclipseLogger - skip non existing resourceDirectory E:\Revision\Restfull_Services\2.FirstJerseyApplication\src\test\resources
2017-07-13 04:06:08,269 [Worker-167] ERROR o.e.m.i.l.MavenConsoleLineTracker - Launch configuration Tomcat v7.0 Server at localhost at file:/E:/Revision/Restfull_Services/.metadata/.plugins/org.eclipse.debug.core/.launches/Tomcat%20v7.0%20Server%20at%20localhost.launch does not exist.
org.eclipse.debug.core.DebugException: Launch configuration Tomcat v7.0 Server at localhost at file:/E:/Revision/Restfull_Services/.metadata/.plugins/org.eclipse.debug.core/.launches/Tomcat%20v7.0%20Server%20at%20localhost.launch does not exist.
	at org.eclipse.debug.internal.core.LaunchManager.createDebugException(LaunchManager.java:930) ~[org.eclipse.debug.core_3.10.0.v20150303-1130.jar:na]
	at org.eclipse.debug.internal.core.LaunchManager.getInfo(LaunchManager.java:1400) ~[org.eclipse.debug.core_3.10.0.v20150303-1130.jar:na]
	at org.eclipse.debug.internal.core.LaunchConfiguration.getInfo(LaunchConfiguration.java:470) ~[org.eclipse.debug.core_3.10.0.v20150303-1130.jar:na]
	at org.eclipse.debug.internal.core.LaunchConfiguration.getType(LaunchConfiguration.java:640) ~[org.eclipse.debug.core_3.10.0.v20150303-1130.jar:na]
	at org.eclipse.m2e.internal.launch.MavenConsoleLineTracker.isMavenProcess(MavenConsoleLineTracker.java:142) [org.eclipse.m2e.launching_1.6.2.20150902-0002.jar:na]
	at org.eclipse.m2e.internal.launch.MavenConsoleLineTracker.lineAppended(MavenConsoleLineTracker.java:85) [org.eclipse.m2e.launching_1.6.2.20150902-0002.jar:na]
	at org.eclipse.debug.internal.ui.views.console.ConsoleLineNotifier.lineAppended(ConsoleLineNotifier.java:130) [org.eclipse.debug.ui_3.11.101.v20160203-1230.jar:na]
	at org.eclipse.debug.internal.ui.views.console.ConsoleLineNotifier.matchFound(ConsoleLineNotifier.java:122) [org.eclipse.debug.ui_3.11.101.v20160203-1230.jar:na]
	at org.eclipse.ui.internal.console.ConsolePatternMatcher$MatchJob.run(ConsolePatternMatcher.java:137) [org.eclipse.ui.console_3.6.100.v20150822-1912.jar:na]
	at org.eclipse.core.internal.jobs.Worker.run(Worker.java:55) [org.eclipse.core.jobs_3.7.0.v20150330-2103.jar:na]
